2021-07-29 22:19:41,188 DEBUG [main] Test:9 - This is debug
 2021-07-29 22:19:41,191  INFO [main] Test:10 - this is info
 2021-07-29 22:19:41,192 ERROR [main] Test:11 - this is error 
 2021-07-29 22:19:41,192  WARN [main] Test:12 - this warn section
 2021-07-29 22:19:41,192 FATAL [main] Test:13 - fatal section
 2021-07-29 22:20:41,201 DEBUG [main] Test:9 - This is debug
 2021-07-29 22:20:41,204  INFO [main] Test:10 - this is info
 2021-07-29 22:20:41,205 ERROR [main] Test:11 - this is error 
 2021-07-29 22:20:41,205  WARN [main] Test:12 - this warn section
 2021-07-29 22:20:41,205 FATAL [main] Test:13 - fatal section
 2021-07-29 22:21:43,333 DEBUG [main] Test:9 - This is debug
 2021-07-29 22:21:43,338  INFO [main] Test:10 - this is info
 2021-07-29 22:21:43,339 ERROR [main] Test:11 - this is error 
 2021-07-29 22:21:43,339  WARN [main] Test:12 - this warn section
 2021-07-29 22:21:43,339 FATAL [main] Test:13 - fatal section
 2021-07-29 23:07:54,874 DEBUG [main] Test:9 - This is debug
 2021-07-29 23:07:54,878  INFO [main] Test:10 - this is info
 2021-07-29 23:07:54,878 ERROR [main] Test:11 - this is error 
 2021-07-29 23:07:54,879  WARN [main] Test:12 - this warn section
 2021-07-29 23:07:54,879 FATAL [main] Test:13 - fatal section
 2021-07-30 08:31:07,122 DEBUG [main] Test:9 - This is debug
 2021-07-30 08:31:07,127  INFO [main] Test:10 - this is info
 2021-07-30 08:31:07,127 ERROR [main] Test:11 - this is error 
 2021-07-30 08:31:07,127  WARN [main] Test:12 - this warn section
 2021-07-30 08:31:07,128 FATAL [main] Test:13 - fatal section
 2021-07-30 08:48:15,351 DEBUG [main] Test:9 - This is debug
 2021-07-30 08:48:15,355  INFO [main] Test:10 - this is info
 2021-07-30 08:48:15,356 ERROR [main] Test:11 - this is error 
 2021-07-30 08:48:15,356  WARN [main] Test:12 - this warn section
 2021-07-30 08:48:15,356 FATAL [main] Test:13 - fatal section
 2021-07-30 11:23:03,629 DEBUG [main] Test:10 - This is debug
 2021-07-30 11:23:03,634  INFO [main] Test:11 - this is info
 2021-07-30 11:23:03,634 ERROR [main] Test:12 - this is error 
 2021-07-30 11:23:03,635  WARN [main] Test:13 - this warn section
 2021-07-30 11:23:03,635 FATAL [main] Test:14 - fatal section
 